20210802-001103.482: t=25dc: Info: ES::cosylib: EntityClientImpl::getResourcesWithUnsyncedLocalChanges :  (EntityClientImpl.cpp.cosylib::EntityClientImpl::getResourcesWithUnsyncedLocalChanges.790)
20210802-001103.498: t=25dc: Info: ES::cosylib: RequestHandle : 4bea06ad-499d-4dbf-afec-c276ea6f2a91 (EntityClientImpl.cpp.cosylib::EntityClientImpl::getResourcesWithUnsyncedLocalChanges.809)
20210802-001103.498: t=26d8: Info: ES::cosylib: messageType :entitysync.out.response.resource.getresourceswithunsyncedlocalchanges responseJSON :{"responses":[{"responseType":0,"statusCode":200,"payload":{"code":"","message":"","collectionId":"","resourceId":""}}]} (EntityClientImpl.cpp.cosylib::EntityClientImpl::processEntitySyncResponse.1492)
20210802-001103.498: t=26d8: Info: ES::cosylib: Cosylib GetResourcesWithUnsyncedLocalChanges Count: 0 (EntityClientImpl.cpp.cosylib::EntityClientImpl::handleGetResourcesWithUnsyncedLocalChanges.1445)
20210802-001103.498: t=26d8: Info: ES::cosylib: Dispatch callback for : entitysync.out.response.resource.getresourceswithunsyncedlocalchanges (EntityClientImpl.cpp.cosylib::EntityClientImpl::processEntitySyncResponse.1580)
20210802-072110.985: t=25dc: Info: ES::cosylib: EntityClientImpl::getResourcesWithUnsyncedLocalChanges :  (EntityClientImpl.cpp.cosylib::EntityClientImpl::getResourcesWithUnsyncedLocalChanges.790)
20210802-072110.988: t=25dc: Info: ES::cosylib: RequestHandle : dacd9088-0ee8-452d-a395-88880650c1dc (EntityClientImpl.cpp.cosylib::EntityClientImpl::getResourcesWithUnsyncedLocalChanges.809)
20210802-072110.989: t=26d8: Info: ES::cosylib: messageType :entitysync.out.response.resource.getresourceswithunsyncedlocalchanges responseJSON :{"responses":[{"responseType":0,"statusCode":200,"payload":{"code":"","message":"","collectionId":"","resourceId":""}}]} (EntityClientImpl.cpp.cosylib::EntityClientImpl::processEntitySyncResponse.1492)
20210802-072110.989: t=26d8: Info: ES::cosylib: Cosylib GetResourcesWithUnsyncedLocalChanges Count: 0 (EntityClientImpl.cpp.cosylib::EntityClientImpl::handleGetResourcesWithUnsyncedLocalChanges.1445)
20210802-072110.989: t=26d8: Info: ES::cosylib: Dispatch callback for : entitysync.out.response.resource.getresourceswithunsyncedlocalchanges (EntityClientImpl.cpp.cosylib::EntityClientImpl::processEntitySyncResponse.1580)
20210802-120638.813: t=25dc: Info: ES::cosylib: EntityClientImpl::getResourcesWithUnsyncedLocalChanges :  (EntityClientImpl.cpp.cosylib::EntityClientImpl::getResourcesWithUnsyncedLocalChanges.790)
20210802-120638.813: t=25dc: Info: ES::cosylib: RequestHandle : c55f470f-8a5d-44bb-82ea-c30797c59139 (EntityClientImpl.cpp.cosylib::EntityClientImpl::getResourcesWithUnsyncedLocalChanges.809)
20210802-120638.813: t=26d8: Info: ES::cosylib: messageType :entitysync.out.response.resource.getresourceswithunsyncedlocalchanges responseJSON :{"responses":[{"responseType":0,"statusCode":200,"payload":{"code":"","message":"","collectionId":"","resourceId":""}}]} (EntityClientImpl.cpp.cosylib::EntityClientImpl::processEntitySyncResponse.1492)
20210802-120638.813: t=26d8: Info: ES::cosylib: Cosylib GetResourcesWithUnsyncedLocalChanges Count: 0 (EntityClientImpl.cpp.cosylib::EntityClientImpl::handleGetResourcesWithUnsyncedLocalChanges.1445)
20210802-120638.813: t=26d8: Info: ES::cosylib: Dispatch callback for : entitysync.out.response.resource.getresourceswithunsyncedlocalchanges (EntityClientImpl.cpp.cosylib::EntityClientImpl::processEntitySyncResponse.1580)
20210802-131358.482: t=25dc: Info: ES::cosylib: EntityClientImpl::getResourcesWithUnsyncedLocalChanges :  (EntityClientImpl.cpp.cosylib::EntityClientImpl::getResourcesWithUnsyncedLocalChanges.790)
20210802-131358.498: t=25dc: Info: ES::cosylib: RequestHandle : 830cca22-f233-4276-a671-7953940cdd04 (EntityClientImpl.cpp.cosylib::EntityClientImpl::getResourcesWithUnsyncedLocalChanges.809)
20210802-131358.498: t=26d8: Info: ES::cosylib: messageType :entitysync.out.response.resource.getresourceswithunsyncedlocalchanges responseJSON :{"responses":[{"responseType":0,"statusCode":200,"payload":{"code":"","message":"","collectionId":"","resourceId":""}}]} (EntityClientImpl.cpp.cosylib::EntityClientImpl::processEntitySyncResponse.1492)
20210802-131358.498: t=26d8: Info: ES::cosylib: Cosylib GetResourcesWithUnsyncedLocalChanges Count: 0 (EntityClientImpl.cpp.cosylib::EntityClientImpl::handleGetResourcesWithUnsyncedLocalChanges.1445)
20210802-131358.498: t=26d8: Info: ES::cosylib: Dispatch callback for : entitysync.out.response.resource.getresourceswithunsyncedlocalchanges (EntityClientImpl.cpp.cosylib::EntityClientImpl::processEntitySyncResponse.1580)
20210802-142531.494: t=25dc: Info: ES::cosylib: EntityClientImpl::getResourcesWithUnsyncedLocalChanges :  (EntityClientImpl.cpp.cosylib::EntityClientImpl::getResourcesWithUnsyncedLocalChanges.790)
20210802-142531.494: t=25dc: Info: ES::cosylib: RequestHandle : 92aa2ed8-779d-428b-a9c6-d2dfd6d915dc (EntityClientImpl.cpp.cosylib::EntityClientImpl::getResourcesWithUnsyncedLocalChanges.809)
20210802-142531.509: t=26d8: Info: ES::cosylib: messageType :entitysync.out.response.resource.getresourceswithunsyncedlocalchanges responseJSON :{"responses":[{"responseType":0,"statusCode":200,"payload":{"code":"","message":"","collectionId":"","resourceId":""}}]} (EntityClientImpl.cpp.cosylib::EntityClientImpl::processEntitySyncResponse.1492)
20210802-142531.509: t=26d8: Info: ES::cosylib: Cosylib GetResourcesWithUnsyncedLocalChanges Count: 0 (EntityClientImpl.cpp.cosylib::EntityClientImpl::handleGetResourcesWithUnsyncedLocalChanges.1445)
20210802-142531.509: t=26d8: Info: ES::cosylib: Dispatch callback for : entitysync.out.response.resource.getresourceswithunsyncedlocalchanges (EntityClientImpl.cpp.cosylib::EntityClientImpl::processEntitySyncResponse.1580)
20210802-205132.529: t=25dc: Info: ES::cosylib: EntityClientImpl::getResourcesWithUnsyncedLocalChanges :  (EntityClientImpl.cpp.cosylib::EntityClientImpl::getResourcesWithUnsyncedLocalChanges.790)
20210802-205132.530: t=25dc: Info: ES::cosylib: RequestHandle : 4f2afe18-f0f0-4df0-be60-73958c2af7ba (EntityClientImpl.cpp.cosylib::EntityClientImpl::getResourcesWithUnsyncedLocalChanges.809)
20210802-205132.544: t=26d8: Info: ES::cosylib: messageType :entitysync.out.response.resource.getresourceswithunsyncedlocalchanges responseJSON :{"responses":[{"responseType":0,"statusCode":200,"payload":{"code":"","message":"","collectionId":"","resourceId":""}}]} (EntityClientImpl.cpp.cosylib::EntityClientImpl::processEntitySyncResponse.1492)
20210802-205132.544: t=26d8: Info: ES::cosylib: Cosylib GetResourcesWithUnsyncedLocalChanges Count: 0 (EntityClientImpl.cpp.cosylib::EntityClientImpl::handleGetResourcesWithUnsyncedLocalChanges.1445)
20210802-205132.544: t=26d8: Info: ES::cosylib: Dispatch callback for : entitysync.out.response.resource.getresourceswithunsyncedlocalchanges (EntityClientImpl.cpp.cosylib::EntityClientImpl::processEntitySyncResponse.1580)
20210802-210441.494: t=25dc: Info: ES::cosylib: EntityClientImpl::getResourcesWithUnsyncedLocalChanges :  (EntityClientImpl.cpp.cosylib::EntityClientImpl::getResourcesWithUnsyncedLocalChanges.790)
20210802-210441.502: t=25dc: Info: ES::cosylib: RequestHandle : 6cb3edac-07f0-4bcd-bb53-46bbf280f64f (EntityClientImpl.cpp.cosylib::EntityClientImpl::getResourcesWithUnsyncedLocalChanges.809)
20210802-210441.510: t=26d8: Info: ES::cosylib: messageType :entitysync.out.response.resource.getresourceswithunsyncedlocalchanges responseJSON :{"responses":[{"responseType":0,"statusCode":200,"payload":{"code":"","message":"","collectionId":"","resourceId":""}}]} (EntityClientImpl.cpp.cosylib::EntityClientImpl::processEntitySyncResponse.1492)
20210802-210441.510: t=26d8: Info: ES::cosylib: Cosylib GetResourcesWithUnsyncedLocalChanges Count: 0 (EntityClientImpl.cpp.cosylib::EntityClientImpl::handleGetResourcesWithUnsyncedLocalChanges.1445)
20210802-210441.510: t=26d8: Info: ES::cosylib: Dispatch callback for : entitysync.out.response.resource.getresourceswithunsyncedlocalchanges (EntityClientImpl.cpp.cosylib::EntityClientImpl::processEntitySyncResponse.1580)
20210802-221007.431: t=25dc: Info: ES::cosylib: EntityClientImpl::getResourcesWithUnsyncedLocalChanges :  (EntityClientImpl.cpp.cosylib::EntityClientImpl::getResourcesWithUnsyncedLocalChanges.790)
20210802-221007.431: t=25dc: Info: ES::cosylib: RequestHandle : 8fb020df-459a-4914-a6d5-413a01b9f6cc (EntityClientImpl.cpp.cosylib::EntityClientImpl::getResourcesWithUnsyncedLocalChanges.809)
20210802-221007.433: t=26d8: Info: ES::cosylib: messageType :entitysync.out.response.resource.getresourceswithunsyncedlocalchanges responseJSON :{"responses":[{"responseType":0,"statusCode":200,"payload":{"code":"","message":"","collectionId":"","resourceId":""}}]} (EntityClientImpl.cpp.cosylib::EntityClientImpl::processEntitySyncResponse.1492)
20210802-221007.433: t=26d8: Info: ES::cosylib: Cosylib GetResourcesWithUnsyncedLocalChanges Count: 0 (EntityClientImpl.cpp.cosylib::EntityClientImpl::handleGetResourcesWithUnsyncedLocalChanges.1445)
20210802-221007.433: t=26d8: Info: ES::cosylib: Dispatch callback for : entitysync.out.response.resource.getresourceswithunsyncedlocalchanges (EntityClientImpl.cpp.cosylib::EntityClientImpl::processEntitySyncResponse.1580)
20210802-230514.490: t=25dc: Info: ES::cosylib: EntityClientImpl::getResourcesWithUnsyncedLocalChanges :  (EntityClientImpl.cpp.cosylib::EntityClientImpl::getResourcesWithUnsyncedLocalChanges.790)
20210802-230514.491: t=25dc: Info: ES::cosylib: RequestHandle : c60c5b18-cb71-4e5f-91a8-72f39bf626dd (EntityClientImpl.cpp.cosylib::EntityClientImpl::getResourcesWithUnsyncedLocalChanges.809)
20210802-230514.492: t=26d8: Info: ES::cosylib: messageType :entitysync.out.response.resource.getresourceswithunsyncedlocalchanges responseJSON :{"responses":[{"responseType":0,"statusCode":200,"payload":{"code":"","message":"","collectionId":"","resourceId":""}}]} (EntityClientImpl.cpp.cosylib::EntityClientImpl::processEntitySyncResponse.1492)
20210802-230514.492: t=26d8: Info: ES::cosylib: Cosylib GetResourcesWithUnsyncedLocalChanges Count: 0 (EntityClientImpl.cpp.cosylib::EntityClientImpl::handleGetResourcesWithUnsyncedLocalChanges.1445)
20210802-230514.492: t=26d8: Info: ES::cosylib: Dispatch callback for : entitysync.out.response.resource.getresourceswithunsyncedlocalchanges (EntityClientImpl.cpp.cosylib::EntityClientImpl::processEntitySyncResponse.1580)
