20210720-085752.949: t=2f88: Info: ES::cosylib: EntityClientImpl::getResourcesWithUnsyncedLocalChanges :  (EntityClientImpl.cpp.cosylib::EntityClientImpl::getResourcesWithUnsyncedLocalChanges.790)
20210720-085752.960: t=2f88: Info: ES::cosylib: RequestHandle : 8a18ba09-6117-4aad-a6cd-0a050be9e1de (EntityClientImpl.cpp.cosylib::EntityClientImpl::getResourcesWithUnsyncedLocalChanges.809)
20210720-085752.975: t=3fd0: Info: ES::cosylib: messageType :entitysync.out.response.resource.getresourceswithunsyncedlocalchanges responseJSON :{"responses":[{"responseType":0,"statusCode":200,"payload":{"code":"","message":"","collectionId":"","resourceId":""}}]} (EntityClientImpl.cpp.cosylib::EntityClientImpl::processEntitySyncResponse.1492)
20210720-085752.975: t=3fd0: Info: ES::cosylib: Cosylib GetResourcesWithUnsyncedLocalChanges Count: 0 (EntityClientImpl.cpp.cosylib::EntityClientImpl::handleGetResourcesWithUnsyncedLocalChanges.1445)
20210720-085752.975: t=3fd0: Info: ES::cosylib: Dispatch callback for : entitysync.out.response.resource.getresourceswithunsyncedlocalchanges (EntityClientImpl.cpp.cosylib::EntityClientImpl::processEntitySyncResponse.1580)
20210720-205344.467: t=2f88: Info: ES::cosylib: EntityClientImpl::getResourcesWithUnsyncedLocalChanges :  (EntityClientImpl.cpp.cosylib::EntityClientImpl::getResourcesWithUnsyncedLocalChanges.790)
20210720-205344.471: t=2f88: Info: ES::cosylib: RequestHandle : a7876d94-1646-4829-8de0-6106e877eb8d (EntityClientImpl.cpp.cosylib::EntityClientImpl::getResourcesWithUnsyncedLocalChanges.809)
20210720-205344.487: t=3fd0: Info: ES::cosylib: messageType :entitysync.out.response.resource.getresourceswithunsyncedlocalchanges responseJSON :{"responses":[{"responseType":0,"statusCode":200,"payload":{"code":"","message":"","collectionId":"","resourceId":""}}]} (EntityClientImpl.cpp.cosylib::EntityClientImpl::processEntitySyncResponse.1492)
20210720-205344.487: t=3fd0: Info: ES::cosylib: Cosylib GetResourcesWithUnsyncedLocalChanges Count: 0 (EntityClientImpl.cpp.cosylib::EntityClientImpl::handleGetResourcesWithUnsyncedLocalChanges.1445)
20210720-205344.488: t=3fd0: Info: ES::cosylib: Dispatch callback for : entitysync.out.response.resource.getresourceswithunsyncedlocalchanges (EntityClientImpl.cpp.cosylib::EntityClientImpl::processEntitySyncResponse.1580)
20210720-215258.964: t=2f88: Info: ES::cosylib: EntityClientImpl::getResourcesWithUnsyncedLocalChanges :  (EntityClientImpl.cpp.cosylib::EntityClientImpl::getResourcesWithUnsyncedLocalChanges.790)
20210720-215258.965: t=2f88: Info: ES::cosylib: RequestHandle : fae01950-edd9-4db2-aacc-e9a50ca77da9 (EntityClientImpl.cpp.cosylib::EntityClientImpl::getResourcesWithUnsyncedLocalChanges.809)
20210720-215258.966: t=3fd0: Info: ES::cosylib: messageType :entitysync.out.response.resource.getresourceswithunsyncedlocalchanges responseJSON :{"responses":[{"responseType":0,"statusCode":200,"payload":{"code":"","message":"","collectionId":"","resourceId":""}}]} (EntityClientImpl.cpp.cosylib::EntityClientImpl::processEntitySyncResponse.1492)
20210720-215258.966: t=3fd0: Info: ES::cosylib: Cosylib GetResourcesWithUnsyncedLocalChanges Count: 0 (EntityClientImpl.cpp.cosylib::EntityClientImpl::handleGetResourcesWithUnsyncedLocalChanges.1445)
20210720-215258.966: t=3fd0: Info: ES::cosylib: Dispatch callback for : entitysync.out.response.resource.getresourceswithunsyncedlocalchanges (EntityClientImpl.cpp.cosylib::EntityClientImpl::processEntitySyncResponse.1580)
20210720-220553.962: t=2f88: Info: ES::cosylib: EntityClientImpl::getResourcesWithUnsyncedLocalChanges :  (EntityClientImpl.cpp.cosylib::EntityClientImpl::getResourcesWithUnsyncedLocalChanges.790)
20210720-220553.963: t=2f88: Info: ES::cosylib: RequestHandle : 07b95295-5c6a-4f3a-bb39-561f21345805 (EntityClientImpl.cpp.cosylib::EntityClientImpl::getResourcesWithUnsyncedLocalChanges.809)
20210720-220553.965: t=3fd0: Info: ES::cosylib: messageType :entitysync.out.response.resource.getresourceswithunsyncedlocalchanges responseJSON :{"responses":[{"responseType":0,"statusCode":200,"payload":{"code":"","message":"","collectionId":"","resourceId":""}}]} (EntityClientImpl.cpp.cosylib::EntityClientImpl::processEntitySyncResponse.1492)
20210720-220553.965: t=3fd0: Info: ES::cosylib: Cosylib GetResourcesWithUnsyncedLocalChanges Count: 0 (EntityClientImpl.cpp.cosylib::EntityClientImpl::handleGetResourcesWithUnsyncedLocalChanges.1445)
20210720-220553.965: t=3fd0: Info: ES::cosylib: Dispatch callback for : entitysync.out.response.resource.getresourceswithunsyncedlocalchanges (EntityClientImpl.cpp.cosylib::EntityClientImpl::processEntitySyncResponse.1580)
20210720-221915.958: t=2f88: Info: ES::cosylib: EntityClientImpl::getResourcesWithUnsyncedLocalChanges :  (EntityClientImpl.cpp.cosylib::EntityClientImpl::getResourcesWithUnsyncedLocalChanges.790)
20210720-221915.958: t=2f88: Info: ES::cosylib: RequestHandle : 50945e8b-e546-4d04-93ee-d99f494ef203 (EntityClientImpl.cpp.cosylib::EntityClientImpl::getResourcesWithUnsyncedLocalChanges.809)
20210720-221915.958: t=3fd0: Info: ES::cosylib: messageType :entitysync.out.response.resource.getresourceswithunsyncedlocalchanges responseJSON :{"responses":[{"responseType":0,"statusCode":200,"payload":{"code":"","message":"","collectionId":"","resourceId":""}}]} (EntityClientImpl.cpp.cosylib::EntityClientImpl::processEntitySyncResponse.1492)
20210720-221915.958: t=3fd0: Info: ES::cosylib: Cosylib GetResourcesWithUnsyncedLocalChanges Count: 0 (EntityClientImpl.cpp.cosylib::EntityClientImpl::handleGetResourcesWithUnsyncedLocalChanges.1445)
20210720-221915.958: t=3fd0: Info: ES::cosylib: Dispatch callback for : entitysync.out.response.resource.getresourceswithunsyncedlocalchanges (EntityClientImpl.cpp.cosylib::EntityClientImpl::processEntitySyncResponse.1580)
20210720-225902.452: t=2f88: Info: ES::cosylib: EntityClientImpl::getResourcesWithUnsyncedLocalChanges :  (EntityClientImpl.cpp.cosylib::EntityClientImpl::getResourcesWithUnsyncedLocalChanges.790)
20210720-225902.453: t=2f88: Info: ES::cosylib: RequestHandle : 39f8c4de-ac0c-4ae0-8542-91a65d5e9194 (EntityClientImpl.cpp.cosylib::EntityClientImpl::getResourcesWithUnsyncedLocalChanges.809)
20210720-225902.456: t=3fd0: Info: ES::cosylib: messageType :entitysync.out.response.resource.getresourceswithunsyncedlocalchanges responseJSON :{"responses":[{"responseType":0,"statusCode":200,"payload":{"code":"","message":"","collectionId":"","resourceId":""}}]} (EntityClientImpl.cpp.cosylib::EntityClientImpl::processEntitySyncResponse.1492)
20210720-225902.456: t=3fd0: Info: ES::cosylib: Cosylib GetResourcesWithUnsyncedLocalChanges Count: 0 (EntityClientImpl.cpp.cosylib::EntityClientImpl::handleGetResourcesWithUnsyncedLocalChanges.1445)
20210720-225902.456: t=3fd0: Info: ES::cosylib: Dispatch callback for : entitysync.out.response.resource.getresourceswithunsyncedlocalchanges (EntityClientImpl.cpp.cosylib::EntityClientImpl::processEntitySyncResponse.1580)
20210720-235623.449: t=2f88: Info: ES::cosylib: EntityClientImpl::getResourcesWithUnsyncedLocalChanges :  (EntityClientImpl.cpp.cosylib::EntityClientImpl::getResourcesWithUnsyncedLocalChanges.790)
20210720-235623.451: t=2f88: Info: ES::cosylib: RequestHandle : 81009407-789f-49a0-bc66-ef7e9da434b8 (EntityClientImpl.cpp.cosylib::EntityClientImpl::getResourcesWithUnsyncedLocalChanges.809)
20210720-235623.452: t=3fd0: Info: ES::cosylib: messageType :entitysync.out.response.resource.getresourceswithunsyncedlocalchanges responseJSON :{"responses":[{"responseType":0,"statusCode":200,"payload":{"code":"","message":"","collectionId":"","resourceId":""}}]} (EntityClientImpl.cpp.cosylib::EntityClientImpl::processEntitySyncResponse.1492)
20210720-235623.452: t=3fd0: Info: ES::cosylib: Cosylib GetResourcesWithUnsyncedLocalChanges Count: 0 (EntityClientImpl.cpp.cosylib::EntityClientImpl::handleGetResourcesWithUnsyncedLocalChanges.1445)
20210720-235623.452: t=3fd0: Info: ES::cosylib: Dispatch callback for : entitysync.out.response.resource.getresourceswithunsyncedlocalchanges (EntityClientImpl.cpp.cosylib::EntityClientImpl::processEntitySyncResponse.1580)
