{"recorder_version":"31","session":"ff4e89b7323d","build":"193.6015.41","bucket":"60","time":1626691324945,"group":{"id":"settings","version":"4"},"event":{"state":true,"data":{"component":"UISettings","created":1626691326289},"id":"invoked"}}
{"recorder_version":"31","session":"ff4e89b7323d","build":"193.6015.41","bucket":"60","time":1626691324952,"group":{"id":"settings","version":"4"},"event":{"state":true,"data":{"component":"NotRoamableUiSettings","created":1626691326310},"id":"invoked"}}
{"recorder_version":"31","session":"ff4e89b7323d","build":"193.6015.41","bucket":"60","time":1626691325218,"group":{"id":"system.java","version":"1"},"event":{"state":true,"data":{"created":1626691326388,"version":"validation.undefined_rule"},"id":"validation.undefined_rule"}}
{"recorder_version":"31","session":"ff4e89b7323d","build":"193.6015.41","bucket":"60","time":1626691325218,"group":{"id":"system.java","version":"1"},"event":{"state":true,"data":{"created":1626691326388},"id":"invoked"}}
{"recorder_version":"31","session":"ff4e89b7323d","build":"193.6015.41","bucket":"60","time":1626691325310,"group":{"id":"settings","version":"4"},"event":{"state":true,"data":{"component":"UpdatesConfigurable","created":1626691326411,"name":"lastTimeChecked","type":"int","value":1626689605448},"id":"not.default"}}
{"recorder_version":"31","session":"ff4e89b7323d","build":"193.6015.41","bucket":"60","time":1626691325310,"group":{"id":"settings","version":"4"},"event":{"state":true,"data":{"component":"UpdatesConfigurable","created":1626691326412,"name":"thirdPartyPluginsAllowed","type":"bool","value":true},"id":"not.default"}}
{"recorder_version":"31","session":"ff4e89b7323d","build":"193.6015.41","bucket":"60","time":1626691325310,"group":{"id":"settings","version":"4"},"event":{"state":true,"data":{"component":"UpdatesConfigurable","created":1626691326413},"id":"invoked"}}
{"recorder_version":"31","session":"ff4e89b7323d","build":"193.6015.41","bucket":"60","time":1626691325317,"group":{"id":"system.os","version":"3"},"event":{"state":true,"data":{"created":1626691326413,"version":"10.0"},"id":"Windows"}}
{"recorder_version":"31","session":"ff4e89b7323d","build":"193.6015.41","bucket":"60","time":1626691325317,"group":{"id":"system.os","version":"3"},"event":{"state":true,"data":{"created":1626691326414,"name":"Windows","version":"10.0"},"id":"os.name"}}
{"recorder_version":"31","session":"ff4e89b7323d","build":"193.6015.41","bucket":"60","time":1626691325317,"group":{"id":"system.os","version":"3"},"event":{"state":true,"data":{"created":1626691326414,"value":"+02_00"},"id":"os.timezone"}}
{"recorder_version":"31","session":"ff4e89b7323d","build":"193.6015.41","bucket":"60","time":1626691325317,"group":{"id":"system.os","version":"3"},"event":{"state":true,"data":{"created":1626691326415},"id":"invoked"}}
{"recorder_version":"31","session":"ff4e89b7323d","build":"193.6015.41","bucket":"60","time":1626691326289,"group":{"id":"event.log","version":"31"},"event":{"count":1,"data":{"created":1626691326416,"version":"1945.0"},"id":"whitelist.loaded"}}
{"recorder_version":"31","session":"ff4e89b7323d","build":"193.6015.41","bucket":"60","time":1626691327095,"group":{"id":"performance","version":"31"},"event":{"count":1,"data":{"duration_ms":2000,"created":1626691327096},"id":"ui.latency"}}
{"recorder_version":"31","session":"ff4e89b7323d","build":"193.6015.41","bucket":"60","time":1626691327095,"group":{"id":"performance","version":"31"},"event":{"count":1,"data":{"duration_ms":2000,"created":1626691327099},"id":"ui.lagging"}}
{"recorder_version":"31","session":"ff4e89b7323d","build":"193.6015.41","bucket":"60","time":1626691327097,"group":{"id":"performance","version":"31"},"event":{"count":1,"data":{"duration_ms":990,"created":1626691327099},"id":"ui.lagging"}}
{"recorder_version":"31","session":"ff4e89b7323d","build":"193.6015.41","bucket":"60","time":1626691327226,"group":{"id":"lifecycle","version":"31"},"event":{"count":1,"data":{"eap":false,"created":1626691327239},"id":"ide.start"}}
{"recorder_version":"31","session":"ff4e89b7323d","build":"193.6015.41","bucket":"60","time":1626691327456,"group":{"id":"settings","version":"4"},"event":{"state":true,"data":{"component":"GeneralSettings","created":1626691327456},"id":"invoked"}}
{"recorder_version":"31","session":"ff4e89b7323d","build":"193.6015.41","bucket":"60","time":1626691328223,"group":{"id":"settings","version":"4"},"event":{"state":true,"data":{"component":"XmlEditorOptions","created":1626691328223},"id":"invoked"}}
{"recorder_version":"31","session":"ff4e89b7323d","build":"193.6015.41","bucket":"60","time":1626691328348,"group":{"id":"performance","version":"31"},"event":{"count":1,"data":{"duration_ms":203,"created":1626691328348},"id":"ui.lagging"}}
{"recorder_version":"31","session":"ff4e89b7323d","build":"193.6015.41","bucket":"60","time":1626691328395,"group":{"id":"ui.dialogs","version":"31"},"event":{"count":1,"data":{"created":1626691328426,"plugin_type":"PLATFORM","dialog_class":"com.intellij.openapi.progress.util.ProgressDialog$MyDialogWrapper"},"id":"show"}}
{"recorder_version":"31","session":"ff4e89b7323d","build":"193.6015.41","bucket":"60","time":1626691329494,"group":{"id":"settings","version":"4"},"event":{"state":true,"data":{"component":"VcsApplicationSettings","created":1626691329494},"id":"invoked"}}
{"recorder_version":"31","session":"ff4e89b7323d","build":"193.6015.41","bucket":"60","time":1626691331358,"group":{"id":"lifecycle","version":"31"},"event":{"count":1,"data":{"created":1626691331358,"project":"92c9bba63fbba5981f2cabc90355678a0e581126855c41dc0684c20e66e0e342"},"id":"project.opened"}}
{"recorder_version":"31","session":"ff4e89b7323d","build":"193.6015.41","bucket":"60","time":1626691331693,"group":{"id":"performance","version":"31"},"event":{"count":1,"data":{"duration_ms":507,"created":1626691331693},"id":"ui.lagging"}}
{"recorder_version":"31","session":"ff4e89b7323d","build":"193.6015.41","bucket":"60","time":1626691331923,"group":{"id":"indexing","version":"2"},"event":{"count":1,"data":{"ide_activity_id":1,"created":1626691331923,"project":"92c9bba63fbba5981f2cabc90355678a0e581126855c41dc0684c20e66e0e342"},"id":"started"}}
{"recorder_version":"31","session":"ff4e89b7323d","build":"193.6015.41","bucket":"60","time":1626691332016,"group":{"id":"indexing","version":"2"},"event":{"count":1,"data":{"ide_activity_id":1,"plugin":"PythonCore","stage_class":"com.jetbrains.python.psi.impl.PythonLanguageLevelPusher$1","created":1626691332016,"plugin_type":"JB_BUNDLED"},"id":"stage"}}
{"recorder_version":"31","session":"ff4e89b7323d","build":"193.6015.41","bucket":"60","time":1626691333077,"group":{"id":"indexing","version":"2"},"event":{"count":1,"data":{"ide_activity_id":1,"stage_class":"com.intellij.util.indexing.UnindexedFilesUpdater","created":1626691333089,"plugin_type":"PLATFORM"},"id":"stage"}}
{"recorder_version":"31","session":"ff4e89b7323d","build":"193.6015.41","bucket":"60","time":1626691335078,"group":{"id":"performance","version":"31"},"event":{"count":1,"data":{"duration_ms":1842,"created":1626691335096},"id":"ui.lagging"}}
{"recorder_version":"31","session":"ff4e89b7323d","build":"193.6015.41","bucket":"60","time":1626691335078,"group":{"id":"performance","version":"31"},"event":{"count":1,"data":{"duration_ms":832,"created":1626691335097},"id":"ui.lagging"}}
{"recorder_version":"31","session":"ff4e89b7323d","build":"193.6015.41","bucket":"60","time":1626691336030,"group":{"id":"performance","version":"31"},"event":{"count":1,"data":{"duration_ms":771,"created":1626691336037},"id":"ui.lagging"}}
{"recorder_version":"31","session":"ff4e89b7323d","build":"193.6015.41","bucket":"60","time":1626691336107,"group":{"id":"ui.tips","version":"3"},"event":{"count":1,"data":{"created":1626691336110,"type":"automatically"},"id":"dialog.shown"}}
{"recorder_version":"31","session":"ff4e89b7323d","build":"193.6015.41","bucket":"60","time":1626691336183,"group":{"id":"ui.tips","version":"3"},"event":{"count":1,"data":{"feature_id":"no.feature.id","filename":"Consoles.html","created":1626691336188,"plugin_type":"PLATFORM"},"id":"tip.shown"}}
{"recorder_version":"31","session":"ff4e89b7323d","build":"193.6015.41","bucket":"60","time":1626691336213,"group":{"id":"ui.dialogs","version":"31"},"event":{"count":1,"data":{"created":1626691336217,"plugin_type":"PLATFORM","dialog_class":"com.intellij.ide.util.TipDialog"},"id":"show"}}
{"recorder_version":"31","session":"ff4e89b7323d","build":"193.6015.41","bucket":"60","time":1626691336378,"group":{"id":"lifecycle","version":"31"},"event":{"count":1,"data":{"created":1626691336381,"project":"92c9bba63fbba5981f2cabc90355678a0e581126855c41dc0684c20e66e0e342"},"id":"frame.activated"}}
{"recorder_version":"31","session":"ff4e89b7323d","build":"193.6015.41","bucket":"60","time":1626691336788,"group":{"id":"project.fs","version":"1"},"event":{"state":true,"data":{"os":"Windows","cs-project":false,"created":1626691336792,"project":"92c9bba63fbba5981f2cabc90355678a0e581126855c41dc0684c20e66e0e342","cs-implicit":true,"cs-system":false},"id":"case-sensitivity"}}
{"recorder_version":"31","session":"ff4e89b7323d","build":"193.6015.41","bucket":"60","time":1626691336788,"group":{"id":"project.fs","version":"1"},"event":{"state":true,"data":{"created":1626691336793},"id":"invoked"}}
{"recorder_version":"31","session":"ff4e89b7323d","build":"193.6015.41","bucket":"60","time":1626691336792,"group":{"id":"project.fs","version":"1"},"event":{"state":true,"data":{"pct-non-watched":0,"created":1626691336793,"project":"92c9bba63fbba5981f2cabc90355678a0e581126855c41dc0684c20e66e0e342"},"id":"roots-watched"}}
{"recorder_version":"31","session":"ff4e89b7323d","build":"193.6015.41","bucket":"60","time":1626691336792,"group":{"id":"project.fs","version":"1"},"event":{"state":true,"data":{"created":1626691336793},"id":"invoked"}}
{"recorder_version":"31","session":"ff4e89b7323d","build":"193.6015.41","bucket":"60","time":1626691337101,"group":{"id":"ui.dialogs","version":"31"},"event":{"count":1,"data":{"code":1,"created":1626691337114,"plugin_type":"PLATFORM","dialog_class":"com.intellij.openapi.progress.util.ProgressDialog$MyDialogWrapper"},"id":"close"}}
{"recorder_version":"31","session":"ff4e89b7323d","build":"193.6015.41","bucket":"60","time":1626691337341,"group":{"id":"lifecycle","version":"31"},"event":{"count":1,"data":{"duration_ms":9835,"created":1626691337395,"project":"92c9bba63fbba5981f2cabc90355678a0e581126855c41dc0684c20e66e0e342"},"id":"project.opening.finished"}}
{"recorder_version":"31","session":"ff4e89b7323d","build":"193.6015.41","bucket":"60","time":1626691351402,"group":{"id":"startup","version":"1"},"event":{"count":1,"data":{"duration":10077,"created":1626691351414},"id":"appInit"}}
{"recorder_version":"31","session":"ff4e89b7323d","build":"193.6015.41","bucket":"60","time":1626691351402,"group":{"id":"startup","version":"1"},"event":{"count":1,"data":{"duration":2898,"created":1626691351417},"id":"splash"}}
{"recorder_version":"31","session":"ff4e89b7323d","build":"193.6015.41","bucket":"60","time":1626691351402,"group":{"id":"startup","version":"1"},"event":{"count":1,"data":{"duration":353,"created":1626691351417},"id":"bootstrap"}}
{"recorder_version":"31","session":"ff4e89b7323d","build":"193.6015.41","bucket":"60","time":1626691351403,"group":{"id":"startup","version":"1"},"event":{"count":1,"data":{"duration":20288,"created":1626691351417},"id":"totalDuration"}}
{"recorder_version":"31","session":"ff4e89b7323d","build":"193.6015.41","bucket":"60","time":1626691397234,"group":{"id":"indexing","version":"2"},"event":{"count":1,"data":{"duration_ms":65311,"ide_activity_id":1,"created":1626691397238},"id":"finished"}}
{"recorder_version":"31","session":"ff4e89b7323d","build":"193.6015.41","bucket":"60","time":1626691411679,"group":{"id":"vfs","version":"2"},"event":{"count":1,"data":{"duration_ms":14440,"finish_time_ms":1626691411679,"created":1626691411679,"start_time_ms":1626691397239},"id":"refreshed"}}
{"recorder_version":"31","session":"ff4e89b7323d","build":"193.6015.41","bucket":"60","time":1626691411976,"group":{"id":"indexing","version":"2"},"event":{"count":1,"data":{"ide_activity_id":2,"created":1626691411976,"project":"92c9bba63fbba5981f2cabc90355678a0e581126855c41dc0684c20e66e0e342"},"id":"started"}}
{"recorder_version":"31","session":"ff4e89b7323d","build":"193.6015.41","bucket":"60","time":1626691411976,"group":{"id":"indexing","version":"2"},"event":{"count":1,"data":{"ide_activity_id":2,"stage_class":"com.intellij.openapi.roots.impl.PushedFilePropertiesUpdaterImpl$3","created":1626691411976,"plugin_type":"PLATFORM"},"id":"stage"}}
