SessionID=a93921d7-9d96-4ca2-85f3-d0d8c1a0595f.1627423770246 Timestamp=2021-07-28T00:09:30:246+0200 ThreadID=11104 Component=ngl-lib_NglAppLib Description="-------- Initializing session logs --------"
SessionID=a93921d7-9d96-4ca2-85f3-d0d8c1a0595f.1627423770246 Timestamp=2021-07-28T00:09:30:257+0200 ThreadID=11104 Component=ngl-lib_kOperatingConfig Description="GetRuntimeDetails: No operating configs found"
SessionID=a93921d7-9d96-4ca2-85f3-d0d8c1a0595f.1627423770246 Timestamp=2021-07-28T00:09:30:257+0200 ThreadID=11104 Component=ngl-lib_kOperatingConfig Description="GetRuntimeDetails: Fallback to NAMED_USER_ONLINE!!"
SessionID=a93921d7-9d96-4ca2-85f3-d0d8c1a0595f.1627423770246 Timestamp=2021-07-28T00:09:30:258+0200 ThreadID=11104 Component=ngl-lib_NglAppLib Description="SetConfig: OS Name=WINDOWS_64, OS Version=10.0.19043.1"
SessionID=a93921d7-9d96-4ca2-85f3-d0d8c1a0595f.1627423770246 Timestamp=2021-07-28T00:09:30:259+0200 ThreadID=11104 Component=ngl-lib_NglAppLib Description="SetConfig: NGLLibVersion=1.25.0.7, Environment=5, Runtimemode=NAMED_USER_ONLINE, NpdID="
SessionID=a93921d7-9d96-4ca2-85f3-d0d8c1a0595f.1627423770246 Timestamp=2021-07-28T00:09:30:260+0200 ThreadID=11104 Component=ngl-lib_NglAppLib Description="SetConfig succeeded - SetConfig: ClientID=ngl_acrobat_dc1, AppID=AcrobatDC1, AppVersion=12.0, NglRunMode=0"
SessionID=a93921d7-9d96-4ca2-85f3-d0d8c1a0595f.1627423770246 Timestamp=2021-07-28T00:09:30:260+0200 ThreadID=11104 Component=ngl-lib_NglAppLib Description="SetConfig: Isotropic0"
SessionID=a93921d7-9d96-4ca2-85f3-d0d8c1a0595f.1627423770246 Timestamp=2021-07-28T00:09:30:260+0200 ThreadID=11104 Component=ngl-lib_NglController Description="NglController: constructor invoked in 5 license mode, NglRunMode - 0 & ReInitStatus failure"
SessionID=a93921d7-9d96-4ca2-85f3-d0d8c1a0595f.1627423770246 Timestamp=2021-07-28T00:09:30:261+0200 ThreadID=11104 Component=ngl-lib_NglController Description="InitializeProfileUpdates: invoked and running in headless mode"
SessionID=a93921d7-9d96-4ca2-85f3-d0d8c1a0595f.1627423770246 Timestamp=2021-07-28T00:09:30:287+0200 ThreadID=7320 Component=ngl-lib_OSUtils Description="GetProcessorId: ProcessorId is - 9.6.15620"
SessionID=a93921d7-9d96-4ca2-85f3-d0d8c1a0595f.1627423770246 Timestamp=2021-07-28T00:09:30:291+0200 ThreadID=7320 Component=ngl-lib_UserPrincipalDao Description="GetUserPrincipal failed in GetUserProfile, status: 8"
SessionID=a93921d7-9d96-4ca2-85f3-d0d8c1a0595f.1627423770246 Timestamp=2021-07-28T00:09:30:291+0200 ThreadID=7320 Component=ngl-lib_NUSecureProfileFetcher ErrorID=PrincipalMgrOperationStatus:6 Description="ValidateAndGetCachedSP : Failed to fetch principal"
SessionID=a93921d7-9d96-4ca2-85f3-d0d8c1a0595f.1627423770246 Timestamp=2021-07-28T00:09:30:293+0200 ThreadID=7320 Component=ngl-lib_NglAppLib ErrorID=218 Description="GetCachedNglProfile Status: Data Not Found : Principal"
SessionID=a93921d7-9d96-4ca2-85f3-d0d8c1a0595f.1627423770246 Timestamp=2021-07-28T00:09:30:294+0200 ThreadID=7320 Component=ngl-lib_UserPrincipalDao Description="GetUserPrincipal failed in GetUserProfile, status: 8"
SessionID=a93921d7-9d96-4ca2-85f3-d0d8c1a0595f.1627423770246 Timestamp=2021-07-28T00:09:30:294+0200 ThreadID=7320 Component=ngl-lib_NUSecureProfileFetcher ErrorID=PrincipalMgrOperationStatus:6 Description="ValidateAndGetPrefetchedSP : Failed to fetch principal"
SessionID=a93921d7-9d96-4ca2-85f3-d0d8c1a0595f.1627423770246 Timestamp=2021-07-28T00:09:30:294+0200 ThreadID=7320 Component=ngl-lib_NglAppLib ErrorID=218 Description="GetPrefetchedNglProfile Status: Data Not Found : Principal"
SessionID=a93921d7-9d96-4ca2-85f3-d0d8c1a0595f.1627423770246 Timestamp=2021-07-28T00:09:30:294+0200 ThreadID=7320 Component=ngl-lib_NglController Description="GetCachedProfile: Prefetched profile latest, using prefetched profile"
SessionID=a93921d7-9d96-4ca2-85f3-d0d8c1a0595f.1627423770246 Timestamp=2021-07-28T00:09:30:295+0200 ThreadID=11104 Component=ngl-lib_NglController Description="ExecuteRequest: request id: 1 api: 0 data?: no workflow?: no"
SessionID=a93921d7-9d96-4ca2-85f3-d0d8c1a0595f.1627423770246 Timestamp=2021-07-28T00:09:30:295+0200 ThreadID=11104 Component=ngl-lib_NglController Description="ExecuteRequest: request id: 2 api: 0 data?: no workflow?: no"
SessionID=a93921d7-9d96-4ca2-85f3-d0d8c1a0595f.1627423770246 Timestamp=2021-07-28T00:09:30:295+0200 ThreadID=11104 Component=ngl-lib_NglController Description="InitializeProfileUpdates: Initial internal status = 404"
SessionID=a93921d7-9d96-4ca2-85f3-d0d8c1a0595f.1627423770246 Timestamp=2021-07-28T00:09:30:295+0200 ThreadID=11104 Component=ngl-lib_NglController Description="LogCurrentUser: CachedNotValidated UserID=0"
SessionID=a93921d7-9d96-4ca2-85f3-d0d8c1a0595f.1627423770246 Timestamp=2021-07-28T00:09:30:295+0200 ThreadID=11104 Component=ngl-lib_NglController Description="GetAMTData: invoked"
SessionID=a93921d7-9d96-4ca2-85f3-d0d8c1a0595f.1627423770246 Timestamp=2021-07-28T00:09:30:296+0200 ThreadID=11104 Component=ngl-lib_NglController Description="GetIntersectionOfLocalesList: invoked with Passed locales list as en_US"
SessionID=a93921d7-9d96-4ca2-85f3-d0d8c1a0595f.1627423770246 Timestamp=2021-07-28T00:09:30:296+0200 ThreadID=11104 Component=ngl-lib_NglController Description="GetIntersectionOfLocalesList: Reordered locales list is identical to passed locales as no installed locales were found."
SessionID=a93921d7-9d96-4ca2-85f3-d0d8c1a0595f.1627423770246 Timestamp=2021-07-28T00:09:30:296+0200 ThreadID=11104 Component=ngl-lib_NglController Description="GetProxyCredentials: invoked"
SessionID=a93921d7-9d96-4ca2-85f3-d0d8c1a0595f.1627423770246 Timestamp=2021-07-28T00:09:30:297+0200 ThreadID=11104 Component=ngl-lib_NglCommonLib Description="GetProxyCredentials - returned with : SecureStorageStatus:8 & NglStatusCode:242"
SessionID=a93921d7-9d96-4ca2-85f3-d0d8c1a0595f.1627423770246 Timestamp=2021-07-29T02:45:40:600+0200 ThreadID=7320 Component=ngl-lib_UserPrincipalDao Description="GetUserPrincipal failed in GetUserProfile, status: 8"
