SessionID=3e4123b0-c465-471d-b565-6b3e3e2c685e.1626686432557 Timestamp=2021-07-19T11:20:32:557+0200 ThreadID=16408 Component=ngl-lib_NglAppLib Description="-------- Initializing session logs --------"
SessionID=3e4123b0-c465-471d-b565-6b3e3e2c685e.1626686432557 Timestamp=2021-07-19T11:20:32:563+0200 ThreadID=16408 Component=ngl-lib_kOperatingConfig Description="GetRuntimeDetails: No operating configs found"
SessionID=3e4123b0-c465-471d-b565-6b3e3e2c685e.1626686432557 Timestamp=2021-07-19T11:20:32:563+0200 ThreadID=16408 Component=ngl-lib_kOperatingConfig Description="GetRuntimeDetails: Fallback to NAMED_USER_ONLINE!!"
SessionID=3e4123b0-c465-471d-b565-6b3e3e2c685e.1626686432557 Timestamp=2021-07-19T11:20:32:563+0200 ThreadID=16408 Component=ngl-lib_NglAppLib Description="SetConfig: OS Name=WINDOWS_64, OS Version=10.0.19041.1"
SessionID=3e4123b0-c465-471d-b565-6b3e3e2c685e.1626686432557 Timestamp=2021-07-19T11:20:32:563+0200 ThreadID=16408 Component=ngl-lib_NglAppLib Description="SetConfig: NGLLibVersion=1.25.0.7, Environment=5, Runtimemode=NAMED_USER_ONLINE, NpdID="
SessionID=3e4123b0-c465-471d-b565-6b3e3e2c685e.1626686432557 Timestamp=2021-07-19T11:20:32:563+0200 ThreadID=16408 Component=ngl-lib_NglAppLib Description="SetConfig succeeded - SetConfig: ClientID=ngl_acrobat_dc1, AppID=AcrobatDC1, AppVersion=12.0, NglRunMode=0"
SessionID=3e4123b0-c465-471d-b565-6b3e3e2c685e.1626686432557 Timestamp=2021-07-19T11:20:32:563+0200 ThreadID=16408 Component=ngl-lib_NglAppLib Description="SetConfig: Isotropic0"
SessionID=3e4123b0-c465-471d-b565-6b3e3e2c685e.1626686432557 Timestamp=2021-07-19T11:20:32:563+0200 ThreadID=16408 Component=ngl-lib_NglController Description="NglController: constructor invoked in 5 license mode, NglRunMode - 0 & ReInitStatus failure"
SessionID=3e4123b0-c465-471d-b565-6b3e3e2c685e.1626686432557 Timestamp=2021-07-19T11:20:32:564+0200 ThreadID=16408 Component=ngl-lib_NglController Description="InitializeProfileUpdates: invoked and running in headless mode"
SessionID=3e4123b0-c465-471d-b565-6b3e3e2c685e.1626686432557 Timestamp=2021-07-19T11:20:32:566+0200 ThreadID=17064 Component=ngl-lib_OSUtils Description="GetProcessorId: ProcessorId is - 9.6.15620"
SessionID=3e4123b0-c465-471d-b565-6b3e3e2c685e.1626686432557 Timestamp=2021-07-19T11:20:32:568+0200 ThreadID=17064 Component=ngl-lib_UserPrincipalDao Description="GetUserPrincipal failed in GetUserProfile, status: 8"
SessionID=3e4123b0-c465-471d-b565-6b3e3e2c685e.1626686432557 Timestamp=2021-07-19T11:20:32:568+0200 ThreadID=17064 Component=ngl-lib_NUSecureProfileFetcher ErrorID=PrincipalMgrOperationStatus:6 Description="ValidateAndGetCachedSP : Failed to fetch principal"
SessionID=3e4123b0-c465-471d-b565-6b3e3e2c685e.1626686432557 Timestamp=2021-07-19T11:20:32:568+0200 ThreadID=17064 Component=ngl-lib_NglAppLib ErrorID=218 Description="GetCachedNglProfile Status: Data Not Found : Principal"
SessionID=3e4123b0-c465-471d-b565-6b3e3e2c685e.1626686432557 Timestamp=2021-07-19T11:20:32:569+0200 ThreadID=17064 Component=ngl-lib_UserPrincipalDao Description="GetUserPrincipal failed in GetUserProfile, status: 8"
SessionID=3e4123b0-c465-471d-b565-6b3e3e2c685e.1626686432557 Timestamp=2021-07-19T11:20:32:569+0200 ThreadID=17064 Component=ngl-lib_NUSecureProfileFetcher ErrorID=PrincipalMgrOperationStatus:6 Description="ValidateAndGetPrefetchedSP : Failed to fetch principal"
SessionID=3e4123b0-c465-471d-b565-6b3e3e2c685e.1626686432557 Timestamp=2021-07-19T11:20:32:569+0200 ThreadID=17064 Component=ngl-lib_NglAppLib ErrorID=218 Description="GetPrefetchedNglProfile Status: Data Not Found : Principal"
SessionID=3e4123b0-c465-471d-b565-6b3e3e2c685e.1626686432557 Timestamp=2021-07-19T11:20:32:569+0200 ThreadID=17064 Component=ngl-lib_NglController Description="GetCachedProfile: Prefetched profile latest, using prefetched profile"
SessionID=3e4123b0-c465-471d-b565-6b3e3e2c685e.1626686432557 Timestamp=2021-07-19T11:20:32:570+0200 ThreadID=16408 Component=ngl-lib_NglController Description="ExecuteRequest: request id: 1 api: 0 data?: no workflow?: no"
SessionID=3e4123b0-c465-471d-b565-6b3e3e2c685e.1626686432557 Timestamp=2021-07-19T11:20:32:570+0200 ThreadID=16408 Component=ngl-lib_NglController Description="ExecuteRequest: request id: 2 api: 0 data?: no workflow?: no"
SessionID=3e4123b0-c465-471d-b565-6b3e3e2c685e.1626686432557 Timestamp=2021-07-19T11:20:32:570+0200 ThreadID=16408 Component=ngl-lib_NglController Description="InitializeProfileUpdates: Initial internal status = 404"
SessionID=3e4123b0-c465-471d-b565-6b3e3e2c685e.1626686432557 Timestamp=2021-07-19T11:20:32:570+0200 ThreadID=16408 Component=ngl-lib_NglController Description="LogCurrentUser: CachedNotValidated UserID=0"
SessionID=3e4123b0-c465-471d-b565-6b3e3e2c685e.1626686432557 Timestamp=2021-07-19T11:20:32:570+0200 ThreadID=16408 Component=ngl-lib_NglController Description="GetAMTData: invoked"
SessionID=3e4123b0-c465-471d-b565-6b3e3e2c685e.1626686432557 Timestamp=2021-07-19T11:20:32:570+0200 ThreadID=16408 Component=ngl-lib_NglController Description="GetIntersectionOfLocalesList: invoked with Passed locales list as en_US"
SessionID=3e4123b0-c465-471d-b565-6b3e3e2c685e.1626686432557 Timestamp=2021-07-19T11:20:32:570+0200 ThreadID=16408 Component=ngl-lib_NglController Description="GetIntersectionOfLocalesList: Reordered locales list is identical to passed locales as no installed locales were found."
SessionID=3e4123b0-c465-471d-b565-6b3e3e2c685e.1626686432557 Timestamp=2021-07-19T11:20:32:571+0200 ThreadID=16408 Component=ngl-lib_NglController Description="GetProxyCredentials: invoked"
SessionID=3e4123b0-c465-471d-b565-6b3e3e2c685e.1626686432557 Timestamp=2021-07-19T11:20:32:571+0200 ThreadID=16408 Component=ngl-lib_NglCommonLib Description="GetProxyCredentials - returned with : SecureStorageStatus:8 & NglStatusCode:242"
SessionID=3e4123b0-c465-471d-b565-6b3e3e2c685e.1626686432557 Timestamp=2021-07-20T20:18:14:324+0200 ThreadID=7932 Component=ngl-lib_UserPrincipalDao Description="GetUserPrincipal failed in GetUserProfile, status: 8"
